I, [2015-08-04T15:22:14.377184 #60562]  INFO -- SERVER: Starting ScreenerController...
D, [2015-08-04T15:22:17.503833 #60567] DEBUG -- CLIENT: [2015-08-04 15:22:17 +0200 AMQP] Publishing message 62b59db2-49e9-433a-abcd-6964a36899e7 to screener.create
D, [2015-08-04T15:22:17.510678 #60562] DEBUG -- SERVER: 

AMQP Message CreateScreenMessage at 2015-08-04 15:22:17 +0200
D, [2015-08-04T15:22:17.510738 #60562] DEBUG -- SERVER: Processing by ScreenerController#create [Thread: 70228789879900]
D, [2015-08-04T15:22:17.510825 #60562] DEBUG -- SERVER: 	Message: {:url=>"http://dilbert:15672/#/queues", :file=>"rabbitmq.png"}.
D, [2015-08-04T15:22:17.510876 #60562] DEBUG -- SERVER: 	Properties: {:content_type=>"application/json", :delivery_mode=>2, :priority=>0, :reply_to=>"amq.gen--xh3k8w7UkgxlmUOjtPnyQ", :message_id=>"62b59db2-49e9-433a-abcd-6964a36899e7", :timestamp=>2015-08-04 15:22:17 +0200, :type=>"create_screen_message"}.
D, [2015-08-04T15:22:17.510936 #60562] DEBUG -- SERVER: 	Delivery info: exchange: puzzleflow.services, routing_key: screener.create.
D, [2015-08-04T15:22:29.032863 #60562] DEBUG -- SERVER: 	Sending  reply on 62b59db2-49e9-433a-abcd-6964a36899e7 to amq.gen--xh3k8w7UkgxlmUOjtPnyQ: #<CreateScreenReplyMessage:0x007fbed42141f8 @time=11.520917, @properties=nil, @id="964f407f-a57e-41a2-86f8-40ed9ccf5d40", @extra_attributes={}>.
D, [2015-08-04T15:22:29.036243 #60562] DEBUG -- SERVER: Message 62b59db2-49e9-433a-abcd-6964a36899e7 processed in 11525.6ms.
D, [2015-08-04T15:22:29.036788 #60562] DEBUG -- SERVER: Reply on message 62b59db2-49e9-433a-abcd-6964a36899e7 dropped: NO_ROUTE [312]
I, [2015-08-04T15:22:46.767049 #60562]  INFO -- SERVER: Stopping ScreenerController...
I, [2015-08-04T15:28:22.549448 #61010]  INFO -- SERVER: Starting ScreenerController...
D, [2015-08-04T15:28:29.760024 #61020] DEBUG -- CLIENT: [2015-08-04 15:28:29 +0200 AMQP] Publishing message 352a2dad-f0f7-4f38-a00c-3e1ca827feab to screener.create
D, [2015-08-04T15:28:29.766743 #61010] DEBUG -- SERVER: 

AMQP Message CreateScreenMessage at 2015-08-04 15:28:29 +0200
D, [2015-08-04T15:28:29.766795 #61010] DEBUG -- SERVER: Processing by ScreenerController#create [Thread: 70103610511700]
D, [2015-08-04T15:28:29.766881 #61010] DEBUG -- SERVER: 	Message: {:url=>"http://dilbert:15672/#/queues", :file=>"rabbitmq.png"}.
D, [2015-08-04T15:28:29.766928 #61010] DEBUG -- SERVER: 	Properties: {:content_type=>"application/json", :delivery_mode=>2, :priority=>0, :reply_to=>"amq.gen-1EJDdSCUViEIq892YqtK2g", :message_id=>"352a2dad-f0f7-4f38-a00c-3e1ca827feab", :timestamp=>2015-08-04 15:28:29 +0200, :type=>"create_screen_message"}.
D, [2015-08-04T15:28:29.766990 #61010] DEBUG -- SERVER: 	Delivery info: exchange: puzzleflow.services, routing_key: screener.create.
D, [2015-08-04T15:28:41.274028 #61010] DEBUG -- SERVER: 	Sending  reply on 352a2dad-f0f7-4f38-a00c-3e1ca827feab to amq.gen-1EJDdSCUViEIq892YqtK2g: #<CreateScreenReplyMessage:0x007f848994b370 @time=11.506115, @properties=nil, @id="bad3a8b9-c68b-435a-9aef-a5e7054537a7", @extra_attributes={}>.
D, [2015-08-04T15:28:41.277613 #61010] DEBUG -- SERVER: Message 352a2dad-f0f7-4f38-a00c-3e1ca827feab processed in 11510.9ms.
D, [2015-08-04T15:28:41.279004 #61020] DEBUG -- CLIENT: [2015-08-04 15:28:41 +0200 AMQP] Replay for 352a2dad-f0f7-4f38-a00c-3e1ca827feab: #<CreateScreenReplyMessage:0x007fb56ac8b8e8 @time=11.506115, @properties={:content_type=>"application/json", :delivery_mode=>2, :priority=>0, :correlation_id=>"352a2dad-f0f7-4f38-a00c-3e1ca827feab", :message_id=>"bad3a8b9-c68b-435a-9aef-a5e7054537a7", :timestamp=>2015-08-04 15:28:41 +0200, :type=>"create_screen_reply_message"}, @id="bad3a8b9-c68b-435a-9aef-a5e7054537a7", @extra_attributes={}>
